0 info it worked if it ends with ok
1 verbose cli [ 'node', '/usr/local/bin/npm', 'install', '-g', 'httpster' ]
2 info using npm@2.10.1
3 info using node@v0.12.4
4 verbose install initial load of /usr/local/lib/package.json
5 verbose readDependencies loading dependencies from /usr/local/lib/package.json
6 silly cache add args [ 'httpster', null ]
7 verbose cache add spec httpster
8 silly cache add parsed spec { raw: 'httpster',
8 silly cache add   scope: null,
8 silly cache add   name: 'httpster',
8 silly cache add   rawSpec: '',
8 silly cache add   spec: '*',
8 silly cache add   type: 'range' }
9 silly addNamed httpster@*
10 verbose addNamed "*" is a valid semver range for httpster
11 silly addNameRange { name: 'httpster', range: '*', hasData: false }
12 silly mapToRegistry name httpster
13 silly mapToRegistry using default registry
14 silly mapToRegistry registry https://registry.npmjs.org/
15 silly mapToRegistry uri https://registry.npmjs.org/httpster
16 verbose addNameRange registry:https://registry.npmjs.org/httpster not in flight; fetching
17 verbose request uri https://registry.npmjs.org/httpster
18 verbose request no auth needed
19 info attempt registry request try #1 at 3:51:31 PM
20 verbose request id 96a03d5c7fb38a59
21 http request GET https://registry.npmjs.org/httpster
22 http 200 https://registry.npmjs.org/httpster
23 silly get cb [ 200,
23 silly get   { server: 'CouchDB/1.5.0 (Erlang OTP/R16B03)',
23 silly get     etag: '"B5QBZ5FLPOTJFLLNUBFA4FTXM"',
23 silly get     'content-type': 'application/json',
23 silly get     'cache-control': 'max-age=60',
23 silly get     'content-length': '17304',
23 silly get     'accept-ranges': 'bytes',
23 silly get     date: 'Mon, 27 Jul 2015 19:51:32 GMT',
23 silly get     via: '1.1 varnish',
23 silly get     age: '0',
23 silly get     connection: 'keep-alive',
23 silly get     'x-served-by': 'cache-ord1722-ORD',
23 silly get     'x-cache': 'MISS',
23 silly get     'x-cache-hits': '0',
23 silly get     'x-timer': 'S1438026692.148904,VS0,VE68',
23 silly get     vary: 'Accept' } ]
24 verbose get saving httpster to /Users/Matthew/.npm/registry.npmjs.org/httpster/.cache.json
25 silly addNameRange number 2 { name: 'httpster', range: '*', hasData: true }
26 silly addNameRange versions [ 'httpster',
26 silly addNameRange   [ '0.1.0',
26 silly addNameRange     '0.2.0',
26 silly addNameRange     '0.2.1',
26 silly addNameRange     '0.3.0',
26 silly addNameRange     '0.3.1',
26 silly addNameRange     '0.3.2',
26 silly addNameRange     '0.4.0',
26 silly addNameRange     '0.5.0',
26 silly addNameRange     '0.5.1',
26 silly addNameRange     '0.5.2',
26 silly addNameRange     '0.6.0',
26 silly addNameRange     '0.7.0',
26 silly addNameRange     '0.9.0',
26 silly addNameRange     '1.0.0',
26 silly addNameRange     '1.0.1' ] ]
27 silly addNamed httpster@1.0.1
28 verbose addNamed "1.0.1" is a plain semver version for httpster
29 silly mapToRegistry name httpster
30 silly mapToRegistry using default registry
31 silly mapToRegistry registry https://registry.npmjs.org/
32 silly mapToRegistry uri https://registry.npmjs.org/httpster
33 verbose addRemoteTarball https://registry.npmjs.org/httpster/-/httpster-1.0.1.tgz not in flight; adding
34 verbose addRemoteTarball [ 'https://registry.npmjs.org/httpster/-/httpster-1.0.1.tgz',
34 verbose addRemoteTarball   'f1683751aaf2401f60f79aed94a4180cf1c2084a' ]
35 info retry fetch attempt 1 at 3:51:31 PM
36 info attempt registry request try #1 at 3:51:31 PM
37 http fetch GET https://registry.npmjs.org/httpster/-/httpster-1.0.1.tgz
38 http fetch 200 https://registry.npmjs.org/httpster/-/httpster-1.0.1.tgz
39 silly fetchAndShaCheck shasum f1683751aaf2401f60f79aed94a4180cf1c2084a
40 verbose addTmpTarball /var/folders/dy/m88fkwln2ng8n29s_t17z7300000gn/T/npm-23224-f5a026b5/registry.npmjs.org/httpster/-/httpster-1.0.1.tgz not in flight; adding
41 verbose addTmpTarball already have metadata; skipping unpack for httpster@1.0.1
42 silly cache afterAdd httpster@1.0.1
43 verbose afterAdd /Users/Matthew/.npm/httpster/1.0.1/package/package.json not in flight; writing
44 verbose afterAdd /Users/Matthew/.npm/httpster/1.0.1/package/package.json written
45 silly install resolved [ { author:
45 silly install resolved      { name: 'Simeon Bateman',
45 silly install resolved        email: 'simeon@simb.net',
45 silly install resolved        url: 'http://www.simb.net' },
45 silly install resolved     name: 'httpster',
45 silly install resolved     description: 'Simple http server for static content',
45 silly install resolved     version: '1.0.1',
45 silly install resolved     repository: { type: 'git', url: 'git://github.com/SimbCo/httpster.git' },
45 silly install resolved     keywords: [ 'http', 'web', 'server' ],
45 silly install resolved     main: './lib/httpster',
45 silly install resolved     bin: { httpster: './bin/httpster' },
45 silly install resolved     preferGlobal: 'true',
45 silly install resolved     scripts: { prepublish: 'coffee -o lib/ src/' },
45 silly install resolved     dependencies:
45 silly install resolved      { commander: '1.2.x',
45 silly install resolved        cors: '2.4.x',
45 silly install resolved        express: '3.2.x',
45 silly install resolved        'node-env-file': '0.1.4',
45 silly install resolved        'serve-index': '^1.6.0' },
45 silly install resolved     devDependencies: { 'coffee-script': '1.6.x', should: '~1.2.2', mocha: '~1.11.0' },
45 silly install resolved     engines: { node: '0.10.x' },
45 silly install resolved     gitHead: '22a094e65ebadafce54d77e5eb84dc80bda98dda',
45 silly install resolved     bugs: { url: 'https://github.com/SimbCo/httpster/issues' },
45 silly install resolved     homepage: 'https://github.com/SimbCo/httpster',
45 silly install resolved     _id: 'httpster@1.0.1',
45 silly install resolved     _shasum: 'f1683751aaf2401f60f79aed94a4180cf1c2084a',
45 silly install resolved     _from: 'httpster@*',
45 silly install resolved     _npmVersion: '1.4.28',
45 silly install resolved     _npmUser: { name: 'simbco', email: 'simeon@simb.co' },
45 silly install resolved     maintainers: [ [Object] ],
45 silly install resolved     dist:
45 silly install resolved      { shasum: 'f1683751aaf2401f60f79aed94a4180cf1c2084a',
45 silly install resolved        tarball: 'http://registry.npmjs.org/httpster/-/httpster-1.0.1.tgz' },
45 silly install resolved     directories: {},
45 silly install resolved     _resolved: 'https://registry.npmjs.org/httpster/-/httpster-1.0.1.tgz' } ]
46 info install httpster@1.0.1 into /usr/local/lib
47 info installOne httpster@1.0.1
48 verbose installOne of httpster to /usr/local/lib not in flight; installing
49 verbose lock using /Users/Matthew/.npm/_locks/httpster-1788040cc6132e51.lock for /usr/local/lib/node_modules/httpster
50 warn engine httpster@1.0.1: wanted: {"node":"0.10.x"} (current: {"node":"0.12.4","npm":"2.10.1"})
51 silly install write writing httpster 1.0.1 to /usr/local/lib/node_modules/httpster
52 verbose unbuild lib/node_modules/httpster
53 silly gentlyRm /usr/local/lib/node_modules/httpster is being purged from base /usr/local
54 verbose gentlyRm don't care about contents; nuking /usr/local/lib/node_modules/httpster
55 verbose tar unpack /Users/Matthew/.npm/httpster/1.0.1/package.tgz
56 verbose tar unpacking to /usr/local/lib/node_modules/httpster
57 silly gentlyRm /usr/local/lib/node_modules/httpster is being purged
58 verbose gentlyRm don't care about contents; nuking /usr/local/lib/node_modules/httpster
59 silly gunzTarPerm modes [ '755', '644' ]
60 error tar.unpack untar error /Users/Matthew/.npm/httpster/1.0.1/package.tgz
61 verbose unlock done using /Users/Matthew/.npm/_locks/httpster-1788040cc6132e51.lock for /usr/local/lib/node_modules/httpster
62 verbose fstream_path /usr/local/lib/node_modules/httpster
63 verbose fstream_type Directory
64 verbose fstream_class DirWriter
65 verbose stack Error: EACCES, mkdir '/usr/local/lib/node_modules/httpster'
65 verbose stack     at Error (native)
66 verbose fstream_stack /usr/local/lib/node_modules/npm/node_modules/fstream/lib/dir-writer.js:35:25
66 verbose fstream_stack /usr/local/lib/node_modules/npm/node_modules/mkdirp/index.js:47:53
66 verbose fstream_stack FSReqWrap.oncomplete (fs.js:95:15)
67 verbose cwd /Users/Matthew/GitHub/DeeVeeTea/js/lib
68 error Darwin 14.1.0
69 error argv "node" "/usr/local/bin/npm" "install" "-g" "httpster"
70 error node v0.12.4
71 error npm  v2.10.1
72 error path /usr/local/lib/node_modules/httpster
73 error code EACCES
74 error errno -13
75 error Error: EACCES, mkdir '/usr/local/lib/node_modules/httpster'
75 error     at Error (native)
75 error  { [Error: EACCES, mkdir '/usr/local/lib/node_modules/httpster']
75 error   errno: -13,
75 error   code: 'EACCES',
75 error   path: '/usr/local/lib/node_modules/httpster',
75 error   fstream_type: 'Directory',
75 error   fstream_path: '/usr/local/lib/node_modules/httpster',
75 error   fstream_class: 'DirWriter',
75 error   fstream_stack:
75 error    [ '/usr/local/lib/node_modules/npm/node_modules/fstream/lib/dir-writer.js:35:25',
75 error      '/usr/local/lib/node_modules/npm/node_modules/mkdirp/index.js:47:53',
75 error      'FSReqWrap.oncomplete (fs.js:95:15)' ] }
76 error Please try running this command again as root/Administrator.
77 verbose exit [ -13, true ]
78 verbose unbuild lib/node_modules/httpster
79 silly gentlyRm /usr/local/lib/node_modules/httpster is being purged from base /usr/local
80 verbose gentlyRm don't care about contents; nuking /usr/local/lib/node_modules/httpster
